

Microchip MPLAB XC8 Assembler V2.45 build 20230818022343 
                                                                                               Sat Feb 10 01:56:17 2024

Microchip MPLAB XC8 C Compiler v2.45 (Free license) build 20230818022343 Og1 
     1                           	processor	16F877A
     2                           	pagewidth 120
     3                           	opt	flic
     4                           	psect	cinit,global,class=CODE,merge=1,delta=2
     5                           	psect	cstackCOMMON,global,class=COMMON,space=1,delta=1,noexec
     6                           	psect	maintext,global,class=CODE,split=1,delta=2
     7                           	psect	text1,local,class=CODE,merge=1,delta=2
     8                           	psect	text2,local,class=CODE,merge=1,delta=2
     9                           	psect	text3,local,class=CODE,merge=1,delta=2
    10                           	psect	text4,local,class=CODE,merge=1,delta=2
    11                           	psect	config,global,abs,ovrld,class=CONFIG,space=4,delta=2,noexec
    12                           	dabs	1,0x7E,2
    13     0000                     
    14                           ; Generated 22/03/2023 GMT
    15                           ; 
    16                           ; Copyright © 2023, Microchip Technology Inc. and its subsidiaries ("Microchip")
    17                           ; All rights reserved.
    18                           ; 
    19                           ; This software is developed by Microchip Technology Inc. and its subsidiaries ("Microch
      +                          ip").
    20                           ; 
    21                           ; Redistribution and use in source and binary forms, with or without modification, are
    22                           ; permitted provided that the following conditions are met:
    23                           ; 
    24                           ;     1. Redistributions of source code must retain the above copyright notice, this lis
      +                          t of
    25                           ;        conditions and the following disclaimer.
    26                           ; 
    27                           ;     2. Redistributions in binary form must reproduce the above copyright notice, this 
      +                          list
    28                           ;        of conditions and the following disclaimer in the documentation and/or other
    29                           ;        materials provided with the distribution. Publication is not required when
    30                           ;        this file is used in an embedded application.
    31                           ; 
    32                           ;     3. Microchip's name may not be used to endorse or promote products derived from th
      +                          is
    33                           ;        software without specific prior written permission.
    34                           ; 
    35                           ; THIS SOFTWARE IS PROVIDED BY MICROCHIP "AS IS" AND ANY EXPRESS OR IMPLIED WARRANTIES,
    36                           ; INCLUDING, BUT NOT LIMITED TO, THE IMPLIED WARRANTIES OF MERCHANTABILITY AND FITNESS F
      +                          OR
    37                           ; PURPOSE ARE DISCLAIMED.  IN NO EVENT SHALL MICROCHIP BE LIABLE FOR ANY DIRECT, INDIREC
      +                          T,
    38                           ; INCIDENTAL, SPECIAL, EXEMPLARY, OR CONSEQUENTIAL DAMAGES (INCLUDING BUT NOT LIMITED TO
    39                           ; PROCUREMENT OF SUBSTITUTE GOODS OR SERVICES; LOSS OF USE, DATA OR PROFITS; OR BUSINESS
    40                           ; INTERRUPTION) HOWSOEVER CAUSED AND ON ANY THEORY OF LIABILITY, WHETHER IN CONTRACT, ST
      +                          RICT
    41                           ; LIABILITY, OR TORT (INCLUDING NEGLIGENCE OR OTHERWISE) ARISING IN ANY WAY OUT OF THE U
      +                          SE OF
    42                           ; THIS SOFTWARE, EVEN IF ADVISED OF THE POSSIBILITY OF SUCH DAMAGE.
    43                           ; 
    44                           ; 
    45                           ; Code-generator required, PIC16F877A Definitions
    46                           ; 
    47                           ; SFR Addresses
    48     0000                     	;# 
    49     0001                     	;# 
    50     0002                     	;# 
    51     0003                     	;# 
    52     0004                     	;# 
    53     0005                     	;# 
    54     0006                     	;# 
    55     0007                     	;# 
    56     0008                     	;# 
    57     0009                     	;# 
    58     000A                     	;# 
    59     000B                     	;# 
    60     000C                     	;# 
    61     000D                     	;# 
    62     000E                     	;# 
    63     000E                     	;# 
    64     000F                     	;# 
    65     0010                     	;# 
    66     0011                     	;# 
    67     0012                     	;# 
    68     0013                     	;# 
    69     0014                     	;# 
    70     0015                     	;# 
    71     0015                     	;# 
    72     0016                     	;# 
    73     0017                     	;# 
    74     0018                     	;# 
    75     0019                     	;# 
    76     001A                     	;# 
    77     001B                     	;# 
    78     001B                     	;# 
    79     001C                     	;# 
    80     001D                     	;# 
    81     001E                     	;# 
    82     001F                     	;# 
    83     0081                     	;# 
    84     0085                     	;# 
    85     0086                     	;# 
    86     0087                     	;# 
    87     0088                     	;# 
    88     0089                     	;# 
    89     008C                     	;# 
    90     008D                     	;# 
    91     008E                     	;# 
    92     0091                     	;# 
    93     0092                     	;# 
    94     0093                     	;# 
    95     0094                     	;# 
    96     0098                     	;# 
    97     0099                     	;# 
    98     009C                     	;# 
    99     009D                     	;# 
   100     009E                     	;# 
   101     009F                     	;# 
   102     010C                     	;# 
   103     010D                     	;# 
   104     010E                     	;# 
   105     010F                     	;# 
   106     018C                     	;# 
   107     018D                     	;# 
   108     0000                     	;# 
   109     0001                     	;# 
   110     0002                     	;# 
   111     0003                     	;# 
   112     0004                     	;# 
   113     0005                     	;# 
   114     0006                     	;# 
   115     0007                     	;# 
   116     0008                     	;# 
   117     0009                     	;# 
   118     000A                     	;# 
   119     000B                     	;# 
   120     000C                     	;# 
   121     000D                     	;# 
   122     000E                     	;# 
   123     000E                     	;# 
   124     000F                     	;# 
   125     0010                     	;# 
   126     0011                     	;# 
   127     0012                     	;# 
   128     0013                     	;# 
   129     0014                     	;# 
   130     0015                     	;# 
   131     0015                     	;# 
   132     0016                     	;# 
   133     0017                     	;# 
   134     0018                     	;# 
   135     0019                     	;# 
   136     001A                     	;# 
   137     001B                     	;# 
   138     001B                     	;# 
   139     001C                     	;# 
   140     001D                     	;# 
   141     001E                     	;# 
   142     001F                     	;# 
   143     0081                     	;# 
   144     0085                     	;# 
   145     0086                     	;# 
   146     0087                     	;# 
   147     0088                     	;# 
   148     0089                     	;# 
   149     008C                     	;# 
   150     008D                     	;# 
   151     008E                     	;# 
   152     0091                     	;# 
   153     0092                     	;# 
   154     0093                     	;# 
   155     0094                     	;# 
   156     0098                     	;# 
   157     0099                     	;# 
   158     009C                     	;# 
   159     009D                     	;# 
   160     009E                     	;# 
   161     009F                     	;# 
   162     010C                     	;# 
   163     010D                     	;# 
   164     010E                     	;# 
   165     010F                     	;# 
   166     018C                     	;# 
   167     018D                     	;# 
   168     0008                     _PORTD	set	8
   169     0037                     _RB7	set	55
   170     0036                     _RB6	set	54
   171     0035                     _RB5	set	53
   172     0034                     _RB4	set	52
   173     0032                     _RB2	set	50
   174     0031                     _RB1	set	49
   175     0030                     _RB0	set	48
   176     003A                     _RC2	set	58
   177     003B                     _RC3	set	59
   178     0088                     _TRISD	set	136
   179     0086                     _TRISB	set	134
   180     0087                     _TRISC	set	135
   181                           
   182                           	psect	cinit
   183     07FC                     start_initialization:	
   184                           ; #config settings
   185                           
   186     07FC                     __initialization:
   187     07FC                     end_of_initialization:	
   188                           ;End of C runtime variable initialization code
   189                           
   190     07FC                     __end_of__initialization:
   191     07FC  0183               	clrf	3
   192     07FD  120A  118A  2EA5   	ljmp	_main	;jump to C main() function
   193                           
   194                           	psect	cstackCOMMON
   195     0070                     __pcstackCOMMON:
   196     0070                     ?_init:
   197     0070                     ?_keypad_scanner:	
   198                           ; 1 bytes @ 0x0
   199                           
   200     0070                     ?_Lcd_Command:	
   201                           ; 1 bytes @ 0x0
   202                           
   203     0070                     ??_Lcd_Command:	
   204                           ; 1 bytes @ 0x0
   205                           
   206     0070                     ?_main:	
   207                           ; 1 bytes @ 0x0
   208                           
   209     0070                     ?_Lcd_Data:	
   210                           ; 1 bytes @ 0x0
   211                           
   212     0070                     ??_Lcd_Data:	
   213                           ; 1 bytes @ 0x0
   214                           
   215                           
   216                           ; 1 bytes @ 0x0
   217     0070                     	ds	2
   218     0072                     Lcd_Command@i:
   219     0072                     Lcd_Data@i:	
   220                           ; 1 bytes @ 0x2
   221                           
   222                           
   223                           ; 1 bytes @ 0x2
   224     0072                     	ds	1
   225     0073                     ??_init:
   226     0073                     ??_keypad_scanner:	
   227                           ; 1 bytes @ 0x3
   228                           
   229                           
   230                           ; 1 bytes @ 0x3
   231     0073                     	ds	2
   232     0075                     ??_main:
   233                           
   234                           	psect	maintext
   235     06A5                     __pmaintext:	
   236                           ; 1 bytes @ 0x5
   237 ;;
   238 ;;Main: autosize = 0, tempsize = 0, incstack = 0, save=0
   239 ;;
   240 ;; *************** function _main *****************
   241 ;; Defined at:
   242 ;;		line 31 in file "9T_Keypad.c"
   243 ;; Parameters:    Size  Location     Type
   244 ;;		None
   245 ;; Auto vars:     Size  Location     Type
   246 ;;		None
   247 ;; Return value:  Size  Location     Type
   248 ;;                  1    wreg      void 
   249 ;; Registers used:
   250 ;;		wreg, status,2, status,0, pclath, cstack
   251 ;; Tracked objects:
   252 ;;		On entry : B00/0
   253 ;;		On exit  : 0/0
   254 ;;		Unchanged: 0/0
   255 ;; Data sizes:     COMMON   BANK0   BANK1   BANK3   BANK2
   256 ;;      Params:         0       0       0       0       0
   257 ;;      Locals:         0       0       0       0       0
   258 ;;      Temps:          0       0       0       0       0
   259 ;;      Totals:         0       0       0       0       0
   260 ;;Total ram usage:        0 bytes
   261 ;; Hardware stack levels required when called: 2
   262 ;; This function calls:
   263 ;;		_init
   264 ;;		_keypad_scanner
   265 ;; This function is called by:
   266 ;;		Startup code after reset
   267 ;; This function uses a non-reentrant model
   268 ;;
   269                           
   270     06A5                     _main:	
   271                           ;psect for function _main
   272                           
   273     06A5                     l710:	
   274                           ;incstack = 0
   275                           ; Regs used in _main: [wreg+status,2+status,0+pclath+cstack]
   276                           
   277     06A5  120A  118A  26D5  120A  118A  	fcall	_init
   278     06AA                     l39:
   279     06AA  120A  118A  2730  120A  118A  	fcall	_keypad_scanner
   280     06AF  2EAA               	goto	l39
   281     06B0  120A  118A  2800   	ljmp	start
   282     06B3                     __end_of_main:
   283                           
   284                           	psect	text1
   285     0730                     __ptext1:	
   286 ;; *************** function _keypad_scanner *****************
   287 ;; Defined at:
   288 ;;		line 77 in file "9T_Keypad.c"
   289 ;; Parameters:    Size  Location     Type
   290 ;;		None
   291 ;; Auto vars:     Size  Location     Type
   292 ;;		None
   293 ;; Return value:  Size  Location     Type
   294 ;;                  1    wreg      unsigned char 
   295 ;; Registers used:
   296 ;;		wreg, status,2, status,0, pclath, cstack
   297 ;; Tracked objects:
   298 ;;		On entry : 0/0
   299 ;;		On exit  : 0/0
   300 ;;		Unchanged: 0/0
   301 ;; Data sizes:     COMMON   BANK0   BANK1   BANK3   BANK2
   302 ;;      Params:         0       0       0       0       0
   303 ;;      Locals:         0       0       0       0       0
   304 ;;      Temps:          0       0       0       0       0
   305 ;;      Totals:         0       0       0       0       0
   306 ;;Total ram usage:        0 bytes
   307 ;; Hardware stack levels used: 1
   308 ;; Hardware stack levels required when called: 1
   309 ;; This function calls:
   310 ;;		_Lcd_Data
   311 ;; This function is called by:
   312 ;;		_main
   313 ;; This function uses a non-reentrant model
   314 ;;
   315                           
   316     0730                     _keypad_scanner:	
   317                           ;psect for function _keypad_scanner
   318                           
   319     0730                     l684:	
   320                           ;incstack = 0
   321                           ; Regs used in _keypad_scanner: [wreg+status,2+status,0+pclath+cstack]
   322                           
   323     0730  1283               	bcf	3,5	;RP0=0, select bank0
   324     0731  1303               	bcf	3,6	;RP1=0, select bank0
   325     0732  1406               	bsf	6,0	;volatile
   326     0733  1086               	bcf	6,1	;volatile
   327     0734  1106               	bcf	6,2	;volatile
   328     0735  1E06               	btfss	6,4	;volatile
   329     0736  2F38               	goto	u11
   330     0737  2F39               	goto	u10
   331     0738                     u11:
   332     0738  2F45               	goto	l54
   333     0739                     u10:
   334     0739                     l686:
   335     0739  3031               	movlw	49
   336     073A  120A  118A  26C4  120A  118A  	fcall	_Lcd_Data
   337     073F                     l55:
   338     073F  1283               	bcf	3,5	;RP0=0, select bank0
   339     0740  1303               	bcf	3,6	;RP1=0, select bank0
   340     0741  1A06               	btfsc	6,4	;volatile
   341     0742  2F44               	goto	u21
   342     0743  2F45               	goto	u20
   343     0744                     u21:
   344     0744  2F3F               	goto	l55
   345     0745                     u20:
   346     0745                     l54:
   347     0745  1E86               	btfss	6,5	;volatile
   348     0746  2F48               	goto	u31
   349     0747  2F49               	goto	u30
   350     0748                     u31:
   351     0748  2F55               	goto	l58
   352     0749                     u30:
   353     0749                     l688:
   354     0749  3034               	movlw	52
   355     074A  120A  118A  26C4  120A  118A  	fcall	_Lcd_Data
   356     074F                     l59:
   357     074F  1283               	bcf	3,5	;RP0=0, select bank0
   358     0750  1303               	bcf	3,6	;RP1=0, select bank0
   359     0751  1A86               	btfsc	6,5	;volatile
   360     0752  2F54               	goto	u41
   361     0753  2F55               	goto	u40
   362     0754                     u41:
   363     0754  2F4F               	goto	l59
   364     0755                     u40:
   365     0755                     l58:
   366     0755  1F06               	btfss	6,6	;volatile
   367     0756  2F58               	goto	u51
   368     0757  2F59               	goto	u50
   369     0758                     u51:
   370     0758  2F65               	goto	l62
   371     0759                     u50:
   372     0759                     l690:
   373     0759  3037               	movlw	55
   374     075A  120A  118A  26C4  120A  118A  	fcall	_Lcd_Data
   375     075F                     l63:
   376     075F  1283               	bcf	3,5	;RP0=0, select bank0
   377     0760  1303               	bcf	3,6	;RP1=0, select bank0
   378     0761  1B06               	btfsc	6,6	;volatile
   379     0762  2F64               	goto	u61
   380     0763  2F65               	goto	u60
   381     0764                     u61:
   382     0764  2F5F               	goto	l63
   383     0765                     u60:
   384     0765                     l62:
   385     0765  1F86               	btfss	6,7	;volatile
   386     0766  2F68               	goto	u71
   387     0767  2F69               	goto	u70
   388     0768                     u71:
   389     0768  2F75               	goto	l66
   390     0769                     u70:
   391     0769                     l692:
   392     0769  302A               	movlw	42
   393     076A  120A  118A  26C4  120A  118A  	fcall	_Lcd_Data
   394     076F                     l67:
   395     076F  1283               	bcf	3,5	;RP0=0, select bank0
   396     0770  1303               	bcf	3,6	;RP1=0, select bank0
   397     0771  1B86               	btfsc	6,7	;volatile
   398     0772  2F74               	goto	u81
   399     0773  2F75               	goto	u80
   400     0774                     u81:
   401     0774  2F6F               	goto	l67
   402     0775                     u80:
   403     0775                     l66:
   404     0775  1006               	bcf	6,0	;volatile
   405     0776  1486               	bsf	6,1	;volatile
   406     0777  1106               	bcf	6,2	;volatile
   407     0778  1E06               	btfss	6,4	;volatile
   408     0779  2F7B               	goto	u91
   409     077A  2F7C               	goto	u90
   410     077B                     u91:
   411     077B  2F88               	goto	l70
   412     077C                     u90:
   413     077C                     l694:
   414     077C  3032               	movlw	50
   415     077D  120A  118A  26C4  120A  118A  	fcall	_Lcd_Data
   416     0782                     l71:
   417     0782  1283               	bcf	3,5	;RP0=0, select bank0
   418     0783  1303               	bcf	3,6	;RP1=0, select bank0
   419     0784  1A06               	btfsc	6,4	;volatile
   420     0785  2F87               	goto	u101
   421     0786  2F88               	goto	u100
   422     0787                     u101:
   423     0787  2F82               	goto	l71
   424     0788                     u100:
   425     0788                     l70:
   426     0788  1E86               	btfss	6,5	;volatile
   427     0789  2F8B               	goto	u111
   428     078A  2F8C               	goto	u110
   429     078B                     u111:
   430     078B  2F98               	goto	l74
   431     078C                     u110:
   432     078C                     l696:
   433     078C  3035               	movlw	53
   434     078D  120A  118A  26C4  120A  118A  	fcall	_Lcd_Data
   435     0792                     l75:
   436     0792  1283               	bcf	3,5	;RP0=0, select bank0
   437     0793  1303               	bcf	3,6	;RP1=0, select bank0
   438     0794  1A86               	btfsc	6,5	;volatile
   439     0795  2F97               	goto	u121
   440     0796  2F98               	goto	u120
   441     0797                     u121:
   442     0797  2F92               	goto	l75
   443     0798                     u120:
   444     0798                     l74:
   445     0798  1F06               	btfss	6,6	;volatile
   446     0799  2F9B               	goto	u131
   447     079A  2F9C               	goto	u130
   448     079B                     u131:
   449     079B  2FA8               	goto	l78
   450     079C                     u130:
   451     079C                     l698:
   452     079C  3038               	movlw	56
   453     079D  120A  118A  26C4  120A  118A  	fcall	_Lcd_Data
   454     07A2                     l79:
   455     07A2  1283               	bcf	3,5	;RP0=0, select bank0
   456     07A3  1303               	bcf	3,6	;RP1=0, select bank0
   457     07A4  1B06               	btfsc	6,6	;volatile
   458     07A5  2FA7               	goto	u141
   459     07A6  2FA8               	goto	u140
   460     07A7                     u141:
   461     07A7  2FA2               	goto	l79
   462     07A8                     u140:
   463     07A8                     l78:
   464     07A8  1F86               	btfss	6,7	;volatile
   465     07A9  2FAB               	goto	u151
   466     07AA  2FAC               	goto	u150
   467     07AB                     u151:
   468     07AB  2FB8               	goto	l82
   469     07AC                     u150:
   470     07AC                     l700:
   471     07AC  3030               	movlw	48
   472     07AD  120A  118A  26C4  120A  118A  	fcall	_Lcd_Data
   473     07B2                     l83:
   474     07B2  1283               	bcf	3,5	;RP0=0, select bank0
   475     07B3  1303               	bcf	3,6	;RP1=0, select bank0
   476     07B4  1B86               	btfsc	6,7	;volatile
   477     07B5  2FB7               	goto	u161
   478     07B6  2FB8               	goto	u160
   479     07B7                     u161:
   480     07B7  2FB2               	goto	l83
   481     07B8                     u160:
   482     07B8                     l82:
   483     07B8  1006               	bcf	6,0	;volatile
   484     07B9  1086               	bcf	6,1	;volatile
   485     07BA  1506               	bsf	6,2	;volatile
   486     07BB  1E06               	btfss	6,4	;volatile
   487     07BC  2FBE               	goto	u171
   488     07BD  2FBF               	goto	u170
   489     07BE                     u171:
   490     07BE  2FCB               	goto	l86
   491     07BF                     u170:
   492     07BF                     l702:
   493     07BF  3033               	movlw	51
   494     07C0  120A  118A  26C4  120A  118A  	fcall	_Lcd_Data
   495     07C5                     l87:
   496     07C5  1283               	bcf	3,5	;RP0=0, select bank0
   497     07C6  1303               	bcf	3,6	;RP1=0, select bank0
   498     07C7  1A06               	btfsc	6,4	;volatile
   499     07C8  2FCA               	goto	u181
   500     07C9  2FCB               	goto	u180
   501     07CA                     u181:
   502     07CA  2FC5               	goto	l87
   503     07CB                     u180:
   504     07CB                     l86:
   505     07CB  1E86               	btfss	6,5	;volatile
   506     07CC  2FCE               	goto	u191
   507     07CD  2FCF               	goto	u190
   508     07CE                     u191:
   509     07CE  2FDB               	goto	l90
   510     07CF                     u190:
   511     07CF                     l704:
   512     07CF  3036               	movlw	54
   513     07D0  120A  118A  26C4  120A  118A  	fcall	_Lcd_Data
   514     07D5                     l91:
   515     07D5  1283               	bcf	3,5	;RP0=0, select bank0
   516     07D6  1303               	bcf	3,6	;RP1=0, select bank0
   517     07D7  1A86               	btfsc	6,5	;volatile
   518     07D8  2FDA               	goto	u201
   519     07D9  2FDB               	goto	u200
   520     07DA                     u201:
   521     07DA  2FD5               	goto	l91
   522     07DB                     u200:
   523     07DB                     l90:
   524     07DB  1F06               	btfss	6,6	;volatile
   525     07DC  2FDE               	goto	u211
   526     07DD  2FDF               	goto	u210
   527     07DE                     u211:
   528     07DE  2FEB               	goto	l94
   529     07DF                     u210:
   530     07DF                     l706:
   531     07DF  3039               	movlw	57
   532     07E0  120A  118A  26C4  120A  118A  	fcall	_Lcd_Data
   533     07E5                     l95:
   534     07E5  1283               	bcf	3,5	;RP0=0, select bank0
   535     07E6  1303               	bcf	3,6	;RP1=0, select bank0
   536     07E7  1B06               	btfsc	6,6	;volatile
   537     07E8  2FEA               	goto	u221
   538     07E9  2FEB               	goto	u220
   539     07EA                     u221:
   540     07EA  2FE5               	goto	l95
   541     07EB                     u220:
   542     07EB                     l94:
   543     07EB  1F86               	btfss	6,7	;volatile
   544     07EC  2FEE               	goto	u231
   545     07ED  2FEF               	goto	u230
   546     07EE                     u231:
   547     07EE  2FFB               	goto	l102
   548     07EF                     u230:
   549     07EF                     l708:
   550     07EF  3023               	movlw	35
   551     07F0  120A  118A  26C4  120A  118A  	fcall	_Lcd_Data
   552     07F5                     l99:
   553     07F5  1283               	bcf	3,5	;RP0=0, select bank0
   554     07F6  1303               	bcf	3,6	;RP1=0, select bank0
   555     07F7  1B86               	btfsc	6,7	;volatile
   556     07F8  2FFA               	goto	u241
   557     07F9  2FFB               	goto	u240
   558     07FA                     u241:
   559     07FA  2FF5               	goto	l99
   560     07FB                     u240:
   561     07FB                     l102:
   562     07FB  0008               	return
   563     07FC                     __end_of_keypad_scanner:
   564                           
   565                           	psect	text2
   566     06C4                     __ptext2:	
   567 ;; *************** function _Lcd_Data *****************
   568 ;; Defined at:
   569 ;;		line 69 in file "9T_Keypad.c"
   570 ;; Parameters:    Size  Location     Type
   571 ;;  i               1    wreg     unsigned char 
   572 ;; Auto vars:     Size  Location     Type
   573 ;;  i               1    2[COMMON] unsigned char 
   574 ;; Return value:  Size  Location     Type
   575 ;;                  1    wreg      void 
   576 ;; Registers used:
   577 ;;		wreg
   578 ;; Tracked objects:
   579 ;;		On entry : 0/0
   580 ;;		On exit  : 0/0
   581 ;;		Unchanged: 0/0
   582 ;; Data sizes:     COMMON   BANK0   BANK1   BANK3   BANK2
   583 ;;      Params:         0       0       0       0       0
   584 ;;      Locals:         1       0       0       0       0
   585 ;;      Temps:          2       0       0       0       0
   586 ;;      Totals:         3       0       0       0       0
   587 ;;Total ram usage:        3 bytes
   588 ;; Hardware stack levels used: 1
   589 ;; This function calls:
   590 ;;		Nothing
   591 ;; This function is called by:
   592 ;;		_keypad_scanner
   593 ;; This function uses a non-reentrant model
   594 ;;
   595                           
   596     06C4                     _Lcd_Data:	
   597                           ;psect for function _Lcd_Data
   598                           
   599                           
   600                           ;incstack = 0
   601                           ; Regs used in _Lcd_Data: [wreg]
   602                           ;Lcd_Data@i stored from wreg
   603     06C4  00F2               	movwf	Lcd_Data@i
   604     06C5                     l654:
   605     06C5  1283               	bcf	3,5	;RP0=0, select bank0
   606     06C6  1303               	bcf	3,6	;RP1=0, select bank0
   607     06C7  1587               	bsf	7,3	;volatile
   608     06C8                     l656:
   609     06C8  0872               	movf	Lcd_Data@i,w
   610     06C9  0088               	movwf	8	;volatile
   611     06CA                     l658:
   612     06CA  1507               	bsf	7,2	;volatile
   613     06CB                     l660:
   614     06CB  1107               	bcf	7,2	;volatile
   615     06CC  30C3               	movlw	195
   616     06CD  00F1               	movwf	??_Lcd_Data+1
   617     06CE  30CD               	movlw	205
   618     06CF  00F0               	movwf	??_Lcd_Data
   619     06D0                     u257:
   620     06D0  0BF0               	decfsz	??_Lcd_Data,f
   621     06D1  2ED0               	goto	u257
   622     06D2  0BF1               	decfsz	??_Lcd_Data+1,f
   623     06D3  2ED0               	goto	u257
   624     06D4                     l51:
   625     06D4  0008               	return
   626     06D5                     __end_of_Lcd_Data:
   627                           
   628                           	psect	text3
   629     06D5                     __ptext3:	
   630 ;; *************** function _init *****************
   631 ;; Defined at:
   632 ;;		line 40 in file "9T_Keypad.c"
   633 ;; Parameters:    Size  Location     Type
   634 ;;		None
   635 ;; Auto vars:     Size  Location     Type
   636 ;;		None
   637 ;; Return value:  Size  Location     Type
   638 ;;                  1    wreg      void 
   639 ;; Registers used:
   640 ;;		wreg, status,2, status,0, pclath, cstack
   641 ;; Tracked objects:
   642 ;;		On entry : 0/0
   643 ;;		On exit  : 0/0
   644 ;;		Unchanged: 0/0
   645 ;; Data sizes:     COMMON   BANK0   BANK1   BANK3   BANK2
   646 ;;      Params:         0       0       0       0       0
   647 ;;      Locals:         0       0       0       0       0
   648 ;;      Temps:          2       0       0       0       0
   649 ;;      Totals:         2       0       0       0       0
   650 ;;Total ram usage:        2 bytes
   651 ;; Hardware stack levels used: 1
   652 ;; Hardware stack levels required when called: 1
   653 ;; This function calls:
   654 ;;		_Lcd_Command
   655 ;; This function is called by:
   656 ;;		_main
   657 ;; This function uses a non-reentrant model
   658 ;;
   659                           
   660     06D5                     _init:	
   661                           ;psect for function _init
   662                           
   663     06D5                     l662:	
   664                           ;incstack = 0
   665                           ; Regs used in _init: [wreg+status,2+status,0+pclath+cstack]
   666                           
   667     06D5  1683               	bsf	3,5	;RP0=1, select bank1
   668     06D6  1303               	bcf	3,6	;RP1=0, select bank1
   669     06D7  0187               	clrf	7	;volatile
   670     06D8                     l664:
   671     06D8  30F0               	movlw	240
   672     06D9  0086               	movwf	6	;volatile
   673     06DA                     l666:
   674     06DA  0188               	clrf	8	;volatile
   675     06DB                     l668:
   676     06DB  3030               	movlw	48
   677     06DC  120A  118A  26B3  120A  118A  	fcall	_Lcd_Command
   678     06E1                     l670:
   679     06E1  30C3               	movlw	195
   680     06E2  00F4               	movwf	??_init+1
   681     06E3  30CD               	movlw	205
   682     06E4  00F3               	movwf	??_init
   683     06E5                     u267:
   684     06E5  0BF3               	decfsz	??_init,f
   685     06E6  2EE5               	goto	u267
   686     06E7  0BF4               	decfsz	??_init+1,f
   687     06E8  2EE5               	goto	u267
   688     06E9  3030               	movlw	48
   689     06EA  120A  118A  26B3  120A  118A  	fcall	_Lcd_Command
   690     06EF                     l672:
   691     06EF  30C3               	movlw	195
   692     06F0  00F4               	movwf	??_init+1
   693     06F1  30CD               	movlw	205
   694     06F2  00F3               	movwf	??_init
   695     06F3                     u277:
   696     06F3  0BF3               	decfsz	??_init,f
   697     06F4  2EF3               	goto	u277
   698     06F5  0BF4               	decfsz	??_init+1,f
   699     06F6  2EF3               	goto	u277
   700     06F7                     l674:
   701     06F7  3030               	movlw	48
   702     06F8  120A  118A  26B3  120A  118A  	fcall	_Lcd_Command
   703     06FD  30C3               	movlw	195
   704     06FE  00F4               	movwf	??_init+1
   705     06FF  30CD               	movlw	205
   706     0700  00F3               	movwf	??_init
   707     0701                     u287:
   708     0701  0BF3               	decfsz	??_init,f
   709     0702  2F01               	goto	u287
   710     0703  0BF4               	decfsz	??_init+1,f
   711     0704  2F01               	goto	u287
   712     0705                     l676:
   713     0705  3038               	movlw	56
   714     0706  120A  118A  26B3  120A  118A  	fcall	_Lcd_Command
   715     070B                     l678:
   716     070B  30C3               	movlw	195
   717     070C  00F4               	movwf	??_init+1
   718     070D  30CD               	movlw	205
   719     070E  00F3               	movwf	??_init
   720     070F                     u297:
   721     070F  0BF3               	decfsz	??_init,f
   722     0710  2F0F               	goto	u297
   723     0711  0BF4               	decfsz	??_init+1,f
   724     0712  2F0F               	goto	u297
   725     0713  300C               	movlw	12
   726     0714  120A  118A  26B3  120A  118A  	fcall	_Lcd_Command
   727     0719                     l680:
   728     0719  30C3               	movlw	195
   729     071A  00F4               	movwf	??_init+1
   730     071B  30CD               	movlw	205
   731     071C  00F3               	movwf	??_init
   732     071D                     u307:
   733     071D  0BF3               	decfsz	??_init,f
   734     071E  2F1D               	goto	u307
   735     071F  0BF4               	decfsz	??_init+1,f
   736     0720  2F1D               	goto	u307
   737     0721                     l682:
   738     0721  3001               	movlw	1
   739     0722  120A  118A  26B3  120A  118A  	fcall	_Lcd_Command
   740     0727  30C3               	movlw	195
   741     0728  00F4               	movwf	??_init+1
   742     0729  30CD               	movlw	205
   743     072A  00F3               	movwf	??_init
   744     072B                     u317:
   745     072B  0BF3               	decfsz	??_init,f
   746     072C  2F2B               	goto	u317
   747     072D  0BF4               	decfsz	??_init+1,f
   748     072E  2F2B               	goto	u317
   749     072F                     l45:
   750     072F  0008               	return
   751     0730                     __end_of_init:
   752                           
   753                           	psect	text4
   754     06B3                     __ptext4:	
   755 ;; *************** function _Lcd_Command *****************
   756 ;; Defined at:
   757 ;;		line 62 in file "9T_Keypad.c"
   758 ;; Parameters:    Size  Location     Type
   759 ;;  i               1    wreg     unsigned char 
   760 ;; Auto vars:     Size  Location     Type
   761 ;;  i               1    2[COMMON] unsigned char 
   762 ;; Return value:  Size  Location     Type
   763 ;;                  1    wreg      void 
   764 ;; Registers used:
   765 ;;		wreg
   766 ;; Tracked objects:
   767 ;;		On entry : 0/0
   768 ;;		On exit  : 0/0
   769 ;;		Unchanged: 0/0
   770 ;; Data sizes:     COMMON   BANK0   BANK1   BANK3   BANK2
   771 ;;      Params:         0       0       0       0       0
   772 ;;      Locals:         1       0       0       0       0
   773 ;;      Temps:          2       0       0       0       0
   774 ;;      Totals:         3       0       0       0       0
   775 ;;Total ram usage:        3 bytes
   776 ;; Hardware stack levels used: 1
   777 ;; This function calls:
   778 ;;		Nothing
   779 ;; This function is called by:
   780 ;;		_init
   781 ;; This function uses a non-reentrant model
   782 ;;
   783                           
   784     06B3                     _Lcd_Command:	
   785                           ;psect for function _Lcd_Command
   786                           
   787                           
   788                           ;incstack = 0
   789                           ; Regs used in _Lcd_Command: [wreg]
   790                           ;Lcd_Command@i stored from wreg
   791     06B3  00F2               	movwf	Lcd_Command@i
   792     06B4                     l646:
   793     06B4  1283               	bcf	3,5	;RP0=0, select bank0
   794     06B5  1303               	bcf	3,6	;RP1=0, select bank0
   795     06B6  1187               	bcf	7,3	;volatile
   796     06B7                     l648:
   797     06B7  0872               	movf	Lcd_Command@i,w
   798     06B8  0088               	movwf	8	;volatile
   799     06B9                     l650:
   800     06B9  1507               	bsf	7,2	;volatile
   801     06BA                     l652:
   802     06BA  1107               	bcf	7,2	;volatile
   803     06BB  30C3               	movlw	195
   804     06BC  00F1               	movwf	??_Lcd_Command+1
   805     06BD  30CD               	movlw	205
   806     06BE  00F0               	movwf	??_Lcd_Command
   807     06BF                     u327:
   808     06BF  0BF0               	decfsz	??_Lcd_Command,f
   809     06C0  2EBF               	goto	u327
   810     06C1  0BF1               	decfsz	??_Lcd_Command+1,f
   811     06C2  2EBF               	goto	u327
   812     06C3                     l48:
   813     06C3  0008               	return
   814     06C4                     __end_of_Lcd_Command:
   815     007E                     btemp	set	126	;btemp
   816     007E                     wtemp0	set	126
   817                           
   818                           	psect	config
   819                           
   820                           ;Config register CONFIG @ 0x2007
   821                           ;	Oscillator Selection bits
   822                           ;	FOSC = EXTRC, RC oscillator
   823                           ;	Watchdog Timer Enable bit
   824                           ;	WDTE = OFF, WDT disabled
   825                           ;	Power-up Timer Enable bit
   826                           ;	PWRTE = OFF, PWRT disabled
   827                           ;	Brown-out Reset Enable bit
   828                           ;	BOREN = OFF, BOR disabled
   829                           ;	Low-Voltage (Single-Supply) In-Circuit Serial Programming Enable bit
   830                           ;	LVP = OFF, RB3 is digital I/O, HV on MCLR must be used for programming
   831                           ;	Data EEPROM Memory Code Protection bit
   832                           ;	CPD = OFF, Data EEPROM code protection off
   833                           ;	Flash Program Memory Write Enable bits
   834                           ;	WRT = OFF, Write protection off; all program memory may be written to by EECON control
   835                           ;	In-Circuit Debugger Mode bit
   836                           ;	DEBUG = 0x1, unprogrammed default
   837                           ;	Flash Program Memory Code Protection bit
   838                           ;	CP = OFF, Code protection off
   839     2007                     	org	8199
   840     2007  3F3B               	dw	16187

Data Sizes:
    Strings     0
    Constant    0
    Data        0
    BSS         0
    Persistent  0
    Stack       0

Auto Spaces:
    Space          Size  Autos    Used
    COMMON           14      5       5
    BANK0            80      0       0
    BANK1            80      0       0
    BANK3            96      0       0
    BANK2            96      0       0

Pointer List with Targets:

    None.

Critical Paths under _main in COMMON

    _main->_init
    _keypad_scanner->_Lcd_Data
    _init->_Lcd_Command

Critical Paths under _main in BANK0

    None.

Critical Paths under _main in BANK1

    None.

Critical Paths under _main in BANK3

    None.

Critical Paths under _main in BANK2

    None.

Call Graph Tables:

 ---------------------------------------------------------------------------------
 (Depth) Function   	        Calls       Base Space   Used Autos Params    Refs
 ---------------------------------------------------------------------------------
 (0) _main                                                 0     0      0      30
                               _init
                     _keypad_scanner
 ---------------------------------------------------------------------------------
 (1) _keypad_scanner                                       0     0      0      15
                           _Lcd_Data
 ---------------------------------------------------------------------------------
 (2) _Lcd_Data                                             3     3      0      15
                                              0 COMMON     3     3      0
 ---------------------------------------------------------------------------------
 (1) _init                                                 2     2      0      15
                                              3 COMMON     2     2      0
                        _Lcd_Command
 ---------------------------------------------------------------------------------
 (2) _Lcd_Command                                          3     3      0      15
                                              0 COMMON     3     3      0
 ---------------------------------------------------------------------------------
 Estimated maximum stack depth 2
 ---------------------------------------------------------------------------------

 Call Graph Graphs:

 _main (ROOT)
   _init
     _Lcd_Command
   _keypad_scanner
     _Lcd_Data

 Address spaces:
Name               Size   Autos  Total    Cost      Usage
BITCOMMON            E      0       0       0        0.0%
EEDATA             100      0       0       0        0.0%
NULL                 0      0       0       0        0.0%
CODE                 0      0       0       0        0.0%
COMMON               E      5       5       1       35.7%
BITSFR0              0      0       0       1        0.0%
SFR0                 0      0       0       1        0.0%
BITSFR1              0      0       0       2        0.0%
SFR1                 0      0       0       2        0.0%
STACK                0      0       0       2        0.0%
ABS                  0      0       0       3        0.0%
BITBANK0            50      0       0       4        0.0%
BITSFR3              0      0       0       4        0.0%
SFR3                 0      0       0       4        0.0%
BANK0               50      0       0       5        0.0%
BITSFR2              0      0       0       5        0.0%
SFR2                 0      0       0       5        0.0%
BITBANK1            50      0       0       6        0.0%
BANK1               50      0       0       7        0.0%
BITBANK3            60      0       0       8        0.0%
BANK3               60      0       0       9        0.0%
BITBANK2            60      0       0      10        0.0%
BANK2               60      0       0      11        0.0%
DATA                 0      0       0      12        0.0%


Microchip Technology PIC Macro Assembler V2.45 build 20230818022343 
Symbol Table                                                                                   Sat Feb 10 01:56:17 2024

                     l51 06D4                       l45 072F                       l70 0788  
                     l62 0765                       l54 0745                       l71 0782  
                     l63 075F                       l55 073F                       l39 06AA  
                     l48 06C3                       l90 07DB                       l82 07B8  
                     l74 0798                       l66 0775                       l58 0755  
                     l91 07D5                       l83 07B2                       l75 0792  
                     l67 076F                       l59 074F                       l94 07EB  
                     l86 07CB                       l78 07A8                       l95 07E5  
                     l87 07C5                       l79 07A2                       l99 07F5  
                     u10 0739                       u11 0738                       u20 0745  
                     u21 0744                       u30 0749                       u31 0748  
                     u40 0755                       u41 0754                       u50 0759  
                     u51 0758                       u60 0765                       u61 0764  
                     u70 0769                       u71 0768                       u80 0775  
                     u81 0774                       u90 077C                       u91 077B  
                    l102 07FB                      l700 07AC                      l702 07BF  
                    l710 06A5                      l704 07CF                      l650 06B9  
                    l706 07DF                      l652 06BA                      l660 06CB  
                    l708 07EF                      l646 06B4                      l670 06E1  
                    l662 06D5                      l654 06C5                      l648 06B7  
                    l680 0719                      l672 06EF                      l664 06D8  
                    l656 06C8                      l682 0721                      l674 06F7  
                    l666 06DA                      l658 06CA                      l690 0759  
                    l676 0705                      l668 06DB                      l692 0769  
                    l684 0730                      l678 070B                      l694 077C  
                    l686 0739                      l696 078C                      l688 0749  
                    l698 079C                      _RB0 0030                      _RB1 0031  
                    _RB2 0032                      _RC2 003A                      _RB4 0034  
                    _RC3 003B                      _RB5 0035                      _RB6 0036  
                    _RB7 0037                      u100 0788                      u101 0787  
                    u110 078C                      u111 078B                      u200 07DB  
                    u120 0798                      u201 07DA                      u121 0797  
                    u210 07DF                      u130 079C                      u211 07DE  
                    u131 079B                      u220 07EB                      u140 07A8  
                    u221 07EA                      u141 07A7                      u230 07EF  
                    u150 07AC                      u231 07EE                      u151 07AB  
                    u240 07FB                      u160 07B8                      u241 07FA  
                    u161 07B7                      u170 07BF                      u307 071D  
                    u171 07BE                      u180 07CB                      u317 072B  
                    u181 07CA                      u190 07CF                      u327 06BF  
                    u191 07CE                      u257 06D0                      u267 06E5  
                    u277 06F3                      u287 0701                      u297 070F  
    __end_of_Lcd_Command 06C4                     _main 06A5                     _init 06D5  
                   btemp 007E                     start 0000                    ?_main 0070  
                  ?_init 0070                    _PORTD 0008                    _TRISB 0086  
                  _TRISC 0087                    _TRISD 0088         ??_keypad_scanner 0073  
                  status 0003                    wtemp0 007E         __end_of_Lcd_Data 06D5  
        __initialization 07FC             __end_of_main 06B3             __end_of_init 0730  
            _Lcd_Command 06B3                   ??_main 0075                   ??_init 0073  
__end_of__initialization 07FC           __pcstackCOMMON 0070                ?_Lcd_Data 0070  
             __pmaintext 06A5               ??_Lcd_Data 0070             ?_Lcd_Command 0070  
                __ptext1 0730                  __ptext2 06C4                  __ptext3 06D5  
                __ptext4 06B3     end_of_initialization 07FC                Lcd_Data@i 0072  
    start_initialization 07FC                ___latbits 0002           _keypad_scanner 0730  
           Lcd_Command@i 0072                 _Lcd_Data 06C4   __end_of_keypad_scanner 07FC  
        ?_keypad_scanner 0070            ??_Lcd_Command 0070  
